<?xml version="1.0" encoding="UTF-8"?>
<testsuite xmlns:xsi="http://www.w3.org/2001/XMLSchema-instance" xsi:schemaLocation="https://maven.apache.org/surefire/maven-surefire-plugin/xsd/surefire-test-report.xsd" name="TestSuite" time="183.257" tests="6" errors="0" skipped="0" failures="1">
  <properties>
[...]
</properties>
  <testcase name="loginCorrectCredentialsTest" classname="com.qa.testcases.LoginPageTest" time="9.294"/>
  <testcase name="verifyLoginPageTitleTest" classname="com.qa.testcases.LoginPageTest" time="9.43"/>
  <testcase name="verifySignUpLinkTest" classname="com.qa.testcases.LoginPageTest" time="6.357"/>
  <testcase name="verifyContactsLinkTest" classname="com.qa.testcases.HomePageTest" time="20.894">
    <failure message="Expected condition failed: waiting for visibility of [[ChromeDriver: chrome on XP (435e50699ee57ce4066e95a4dc1f5572)] -&gt; id: nav-primary-contacts-branch] (tried for 20 second(s) with 500 milliseconds interval)&#10;Build info: version: &apos;3.14.0&apos;, revision: &apos;aacccce0&apos;, time: &apos;2018-08-02T20:19:58.91Z&apos;&#10;System info: host: &apos;SAILAKSHMI-PC&apos;, ip: &apos;192.168.100.10&apos;, os.name: &apos;Windows 7&apos;, os.arch: &apos;x86&apos;, os.version: &apos;6.1&apos;, java.version: &apos;1.8.0_191&apos;&#10;Driver info: org.openqa.selenium.support.events.EventFiringWebDriver&#10;Capabilities {acceptInsecureCerts: false, acceptSslCerts: false, applicationCacheEnabled: false, browserConnectionEnabled: false, browserName: chrome, chrome: {chromedriverVersion: 2.35.528161 (5b82f2d2aae0ca..., userDataDir: C:\Windows\TEMP\scoped_dir4...}, cssSelectorsEnabled: true, databaseEnabled: false, handlesAlerts: true, hasTouchScreen: false, javascriptEnabled: true, locationContextEnabled: true, mobileEmulationEnabled: false, nativeEvents: true, networkConnectionEnabled: false, pageLoadStrategy: normal, platform: XP, platformName: XP, rotatable: false, setWindowRect: true, takesHeapSnapshot: true, takesScreenshot: true, unexpectedAlertBehaviour: , unhandledPromptBehavior: , version: 75.0.3770.100, webStorageEnabled: true}&#10;Session ID: 435e50699ee57ce4066e95a4dc1f5572" type="org.openqa.selenium.TimeoutException">org.openqa.selenium.TimeoutException: 
Expected condition failed: waiting for visibility of [[ChromeDriver: chrome on XP (435e50699ee57ce4066e95a4dc1f5572)] -> id: nav-primary-contacts-branch] (tried for 20 second(s) with 500 milliseconds interval)
Build info: version: '3.14.0', revision: 'aacccce0', time: '2018-08-02T20:19:58.91Z'
System info: host: 'SAILAKSHMI-PC', ip: '192.168.100.10', os.name: 'Windows 7', os.arch: 'x86', os.version: '6.1', java.version: '1.8.0_191'
Driver info: org.openqa.selenium.support.events.EventFiringWebDriver
Capabilities {acceptInsecureCerts: false, acceptSslCerts: false, applicationCacheEnabled: false, browserConnectionEnabled: false, browserName: chrome, chrome: {chromedriverVersion: 2.35.528161 (5b82f2d2aae0ca..., userDataDir: C:\Windows\TEMP\scoped_dir4...}, cssSelectorsEnabled: true, databaseEnabled: false, handlesAlerts: true, hasTouchScreen: false, javascriptEnabled: true, locationContextEnabled: true, mobileEmulationEnabled: false, nativeEvents: true, networkConnectionEnabled: false, pageLoadStrategy: normal, platform: XP, platformName: XP, rotatable: false, setWindowRect: true, takesHeapSnapshot: true, takesScreenshot: true, unexpectedAlertBehaviour: , unhandledPromptBehavior: , version: 75.0.3770.100, webStorageEnabled: true}
Session ID: 435e50699ee57ce4066e95a4dc1f5572
	at com.qa.testcases.HomePageTest.verifyContactsLinkTest(HomePageTest.java:56)
</failure>
    <system-out><![CDATA[verifySignUpLinkTest passed!
Before navigating to: 'https://app.hubspot.com/login/'
Navigated to:'https://app.hubspot.com/login/'
Trying to find Element By : By.id: username
Found Element By : By.id: username
Trying to find Element By : By.id: password
Found Element By : By.id: password
Trying to find Element By : By.id: loginBtn
Found Element By : By.id: loginBtn
Trying to click on: [[ChromeDriver: chrome on XP (435e50699ee57ce4066e95a4dc1f5572)] -> id: loginBtn]
Clicked on: [[ChromeDriver: chrome on XP (435e50699ee57ce4066e95a4dc1f5572)] -> id: loginBtn]
verifyContactsLinkTest started!
Trying to find Element By : By.id: nav-primary-contacts-branch
Found Element By : By.id: nav-primary-contacts-branch
Trying to find Element By : By.id: nav-primary-contacts-branch
Found Element By : By.id: nav-primary-contacts-branch
Trying to find Element By : By.id: nav-primary-contacts-branch
Found Element By : By.id: nav-primary-contacts-branch
Trying to find Element By : By.id: nav-primary-contacts-branch
Found Element By : By.id: nav-primary-contacts-branch
Trying to find Element By : By.id: nav-primary-contacts-branch
Found Element By : By.id: nav-primary-contacts-branch
Trying to find Element By : By.id: nav-primary-contacts-branch
Found Element By : By.id: nav-primary-contacts-branch
Trying to find Element By : By.id: nav-primary-contacts-branch
Found Element By : By.id: nav-primary-contacts-branch
Trying to find Element By : By.id: nav-primary-contacts-branch
Found Element By : By.id: nav-primary-contacts-branch
Trying to find Element By : By.id: nav-primary-contacts-branch
Found Element By : By.id: nav-primary-contacts-branch
Trying to find Element By : By.id: nav-primary-contacts-branch
Found Element By : By.id: nav-primary-contacts-branch
Trying to find Element By : By.id: nav-primary-contacts-branch
Found Element By : By.id: nav-primary-contacts-branch
Trying to find Element By : By.id: nav-primary-contacts-branch
Found Element By : By.id: nav-primary-contacts-branch
Trying to find Element By : By.id: nav-primary-contacts-branch
Found Element By : By.id: nav-primary-contacts-branch
Trying to find Element By : By.id: nav-primary-contacts-branch
Found Element By : By.id: nav-primary-contacts-branch
Trying to find Element By : By.id: nav-primary-contacts-branch
Found Element By : By.id: nav-primary-contacts-branch
Trying to find Element By : By.id: nav-primary-contacts-branch
Found Element By : By.id: nav-primary-contacts-branch
Trying to find Element By : By.id: nav-primary-contacts-branch
Found Element By : By.id: nav-primary-contacts-branch
Trying to find Element By : By.id: nav-primary-contacts-branch
Found Element By : By.id: nav-primary-contacts-branch
]]></system-out>
    <system-err><![CDATA[Starting ChromeDriver 2.35.528161 (5b82f2d2aae0ca24b877009200ced9065a772e73) on port 13450
Only local connections are allowed.
Jul 14, 2019 8:34:05 PM org.openqa.selenium.remote.ProtocolHandshake createSession
INFO: Detected dialect: OSS
]]></system-err>
  </testcase>
  <testcase name="verifyHomePageHeaderTest" classname="com.qa.testcases.HomePageTest" time="8.606"/>
  <testcase name="verifyHomePageTitleTest" classname="com.qa.testcases.HomePageTest" time="12.281"/>
</testsuite>